[2021-06-21 18:27:23.169] [exthost] [info] extension host started
[2021-06-21 18:27:23.305] [exthost] [info] ExtensionService#_doActivateExtension vscode.debug-auto-launch {"startup":true,"extensionId":{"value":"vscode.debug-auto-launch","_lower":"vscode.debug-auto-launch"},"activationEvent":"*"}
[2021-06-21 18:27:23.306] [exthost] [info] ExtensionService#loadCommonJSModule file:///home/wuke8866/.vscode-server/bin/507ce72a4466fbb27b715c3722558bb15afa9f48/extensions/debug-auto-launch/dist/extension
[2021-06-21 18:27:23.326] [exthost] [info] ExtensionService#_doActivateExtension vscode.git {"startup":true,"extensionId":{"value":"vscode.github","_lower":"vscode.github"},"activationEvent":"*"}
[2021-06-21 18:27:23.326] [exthost] [info] ExtensionService#loadCommonJSModule file:///home/wuke8866/.vscode-server/bin/507ce72a4466fbb27b715c3722558bb15afa9f48/extensions/git/dist/main
[2021-06-21 18:27:23.792] [exthost] [info] ExtensionService#_doActivateExtension vscode.github {"startup":true,"extensionId":{"value":"vscode.github","_lower":"vscode.github"},"activationEvent":"*"}
[2021-06-21 18:27:23.792] [exthost] [info] ExtensionService#loadCommonJSModule file:///home/wuke8866/.vscode-server/bin/507ce72a4466fbb27b715c3722558bb15afa9f48/extensions/github/dist/extension.js
[2021-06-21 18:27:23.992] [exthost] [info] ExtensionService#_doActivateExtension vscode.emmet {"startup":false,"extensionId":{"value":"vscode.emmet","_lower":"vscode.emmet"},"activationEvent":"onStartupFinished"}
[2021-06-21 18:27:23.992] [exthost] [info] ExtensionService#loadCommonJSModule file:///home/wuke8866/.vscode-server/bin/507ce72a4466fbb27b715c3722558bb15afa9f48/extensions/emmet/dist/node/emmetNodeMain
[2021-06-21 18:27:24.103] [exthost] [info] ExtensionService#_doActivateExtension vscode.merge-conflict {"startup":false,"extensionId":{"value":"vscode.merge-conflict","_lower":"vscode.merge-conflict"},"activationEvent":"onStartupFinished"}
[2021-06-21 18:27:24.103] [exthost] [info] ExtensionService#loadCommonJSModule file:///home/wuke8866/.vscode-server/bin/507ce72a4466fbb27b715c3722558bb15afa9f48/extensions/merge-conflict/dist/mergeConflictMain
[2021-06-21 18:27:24.119] [exthost] [info] ExtensionService#_doActivateExtension vscode.testing-editor-contributions {"startup":false,"extensionId":{"value":"vscode.testing-editor-contributions","_lower":"vscode.testing-editor-contributions"},"activationEvent":"onStartupFinished"}
[2021-06-21 18:27:24.119] [exthost] [info] ExtensionService#loadCommonJSModule file:///home/wuke8866/.vscode-server/bin/507ce72a4466fbb27b715c3722558bb15afa9f48/extensions/testing-editor-contributions/dist/extension.js
[2021-06-21 18:27:24.124] [exthost] [info] eager extensions activated
[2021-06-21 18:27:24.150] [exthost] [info] ExtensionService#_doActivateExtension ms-vscode.js-debug {"startup":false,"extensionId":{"value":"ms-vscode.js-debug","_lower":"ms-vscode.js-debug"},"activationEvent":"onCommand:extension.js-debug.clearAutoAttachVariables"}
[2021-06-21 18:27:24.150] [exthost] [info] ExtensionService#loadCommonJSModule file:///home/wuke8866/.vscode-server/bin/507ce72a4466fbb27b715c3722558bb15afa9f48/extensions/ms-vscode.js-debug/src/extension.js
[2021-06-21 18:27:25.860] [exthost] [warning] [Decorations] CAPPING events from decorations provider vscode.git 769
[2021-06-21 18:48:06.674] [exthost] [warning] [Decorations] CAPPING events from decorations provider vscode.git 786
[2021-06-21 18:48:11.874] [exthost] [warning] [Decorations] CAPPING events from decorations provider vscode.git 786
[2021-06-21 18:48:48.407] [exthost] [warning] [Decorations] CAPPING events from decorations provider vscode.git 786
