Looking for git in: git
Using git 2.17.1 from git
Opening repository for path='/home/wuke8866/around' failed; ex=Failed to execute git {
  "exitCode": 128,
  "gitErrorCode": "NotAGitRepository",
  "gitCommand": "rev-parse",
  "stdout": "",
  "stderr": "fatal: not a git repository (or any of the parent directories): .git\n"
}
Opening repository for path='/home/wuke8866/around/go.mod' failed; ex=Error: spawn ENOTDIR
Opening repository for path='/home/wuke8866/around/go.sum' failed; ex=Error: spawn ENOTDIR
Opening repository for path='/home/wuke8866/around/handler.go' failed; ex=Error: spawn ENOTDIR
Opening repository for path='/home/wuke8866/around/main.go' failed; ex=Error: spawn ENOTDIR
Opening repository for path='/home/wuke8866/around/post.go' failed; ex=Error: spawn ENOTDIR
Opening repository for path='/home/wuke8866/around' failed; ex=Failed to execute git {
  "exitCode": 128,
  "gitErrorCode": "NotAGitRepository",
  "gitCommand": "rev-parse",
  "stdout": "",
  "stderr": "fatal: not a git repository (or any of the parent directories): .git\n"
}
