Looking for git in: git
Using git 2.17.1 from git
> git rev-parse --git-dir
Open repository: /home/wuke8866
> git status -z -u
> git check-ignore -v -z --stdin
> git symbolic-ref --short HEAD
> git for-each-ref --format=%(refname)%00%(upstream:short)%00%(objectname)%00%(upstream:track) refs/heads/wuke/post refs/remotes/wuke/post
> git for-each-ref --sort -committerdate --format %(refname) %(objectname) %(*objectname)
> git remote --verbose
> git config --get commit.template
> git show --textconv :social/handler.go
> git ls-files --stage -- /home/wuke8866/social/handler.go
> git cat-file -s 00a19b0ea2170dc7f5d7e64c1579ff830a0db3cc
> git status -z -u
> git symbolic-ref --short HEAD
> git for-each-ref --format=%(refname)%00%(upstream:short)%00%(objectname)%00%(upstream:track) refs/heads/wuke/post refs/remotes/wuke/post
> git for-each-ref --sort -committerdate --format %(refname) %(objectname) %(*objectname)
> git remote --verbose
> git config --get commit.template
> git show --textconv :social/main.go
> git ls-files --stage -- /home/wuke8866/social/main.go
> git cat-file -s 1f0ecac9322763dbe71e70ea13de56aadd78eb2e
> git show --textconv :social/user.go
> git ls-files --stage -- /home/wuke8866/social/user.go
> git show --textconv :social/handler.go
> git ls-files --stage -- /home/wuke8866/social/handler.go
> git cat-file -s 00a19b0ea2170dc7f5d7e64c1579ff830a0db3cc
> git show --textconv :social/main.go
> git ls-files --stage -- /home/wuke8866/social/main.go
> git cat-file -s 1f0ecac9322763dbe71e70ea13de56aadd78eb2e
> git log --format=%H%n%aN%n%aE%n%at%n%ct%n%P%n%B -z -n21 -- /home/wuke8866/social/main.go
> git show --textconv :social/handler.go
> git ls-files --stage -- /home/wuke8866/social/handler.go
> git cat-file -s 00a19b0ea2170dc7f5d7e64c1579ff830a0db3cc
> git show --textconv :social/main.go
> git ls-files --stage -- /home/wuke8866/social/main.go
> git cat-file -s 1f0ecac9322763dbe71e70ea13de56aadd78eb2e
> git show --textconv :social/user.go
> git ls-files --stage -- /home/wuke8866/social/user.go
> git show --textconv :social/handler.go
> git ls-files --stage -- /home/wuke8866/social/handler.go
> git cat-file -s 00a19b0ea2170dc7f5d7e64c1579ff830a0db3cc
> git show --textconv :social/main.go
> git ls-files --stage -- /home/wuke8866/social/main.go
> git cat-file -s 1f0ecac9322763dbe71e70ea13de56aadd78eb2e
> git show --textconv :social/handler.go
> git ls-files --stage -- /home/wuke8866/social/handler.go
> git cat-file -s 00a19b0ea2170dc7f5d7e64c1579ff830a0db3cc
> git show --textconv :social/main.go
> git ls-files --stage -- /home/wuke8866/social/main.go
> git cat-file -s 1f0ecac9322763dbe71e70ea13de56aadd78eb2e
> git show --textconv :social/user.go
> git ls-files --stage -- /home/wuke8866/social/user.go
> git show --textconv :social/handler.go
> git ls-files --stage -- /home/wuke8866/social/handler.go
> git cat-file -s 00a19b0ea2170dc7f5d7e64c1579ff830a0db3cc
> git show --textconv :social/main.go
> git ls-files --stage -- /home/wuke8866/social/main.go
> git cat-file -s 1f0ecac9322763dbe71e70ea13de56aadd78eb2e
> git show --textconv :social/handler.go
> git ls-files --stage -- /home/wuke8866/social/handler.go
> git cat-file -s 00a19b0ea2170dc7f5d7e64c1579ff830a0db3cc
> git show --textconv :social/main.go
> git ls-files --stage -- /home/wuke8866/social/main.go
> git cat-file -s 1f0ecac9322763dbe71e70ea13de56aadd78eb2e
> git show --textconv :social/user.go
> git ls-files --stage -- /home/wuke8866/social/user.go
> git show --textconv :social/main.go
> git ls-files --stage -- /home/wuke8866/social/main.go
> git cat-file -s 1f0ecac9322763dbe71e70ea13de56aadd78eb2e
> git show --textconv :social/handler.go
> git ls-files --stage -- /home/wuke8866/social/handler.go
> git cat-file -s 00a19b0ea2170dc7f5d7e64c1579ff830a0db3cc
> git status -z -u
> git symbolic-ref --short HEAD
> git for-each-ref --format=%(refname)%00%(upstream:short)%00%(objectname)%00%(upstream:track) refs/heads/wuke/post refs/remotes/wuke/post
> git ls-files --stage -- /home/wuke8866/social/handler.go
> git for-each-ref --sort -committerdate --format %(refname) %(objectname) %(*objectname)
> git remote --verbose
> git cat-file -s 00a19b0ea2170dc7f5d7e64c1579ff830a0db3cc
> git config --get commit.template
> git show --textconv :social/handler.go
> git status -z -u
> git symbolic-ref --short HEAD
> git for-each-ref --format=%(refname)%00%(upstream:short)%00%(objectname)%00%(upstream:track) refs/heads/wuke/post refs/remotes/wuke/post
> git for-each-ref --sort -committerdate --format %(refname) %(objectname) %(*objectname)
> git remote --verbose
> git config --get commit.template
> git ls-files --stage -- /home/wuke8866/social/handler.go
> git cat-file -s d609ce6d2b37a98bd6a396284a8f095d68dd92dc
> git show --textconv :social/handler.go
> git status -z -u
> git symbolic-ref --short HEAD
> git for-each-ref --format=%(refname)%00%(upstream:short)%00%(objectname)%00%(upstream:track) refs/heads/wuke/post refs/remotes/wuke/post
> git for-each-ref --sort -committerdate --format %(refname) %(objectname) %(*objectname)
> git remote --verbose
> git config --get commit.template
> git status -z -u
> git symbolic-ref --short HEAD
> git for-each-ref --format=%(refname)%00%(upstream:short)%00%(objectname)%00%(upstream:track) refs/heads/wuke/post refs/remotes/wuke/post
> git for-each-ref --sort -committerdate --format %(refname) %(objectname) %(*objectname)
> git remote --verbose
> git config --get commit.template
> git ls-files --stage -- /home/wuke8866/social/handler.go
> git cat-file -s d609ce6d2b37a98bd6a396284a8f095d68dd92dc
> git show --textconv :social/handler.go
> git status -z -u
> git symbolic-ref --short HEAD
> git for-each-ref --format=%(refname)%00%(upstream:short)%00%(objectname)%00%(upstream:track) refs/heads/wuke/post refs/remotes/wuke/post
> git for-each-ref --sort -committerdate --format %(refname) %(objectname) %(*objectname)
> git remote --verbose
> git config --get commit.template
> git status -z -u
> git symbolic-ref --short HEAD
> git for-each-ref --format=%(refname)%00%(upstream:short)%00%(objectname)%00%(upstream:track) refs/heads/wuke/post refs/remotes/wuke/post
> git for-each-ref --sort -committerdate --format %(refname) %(objectname) %(*objectname)
> git remote --verbose
> git config --get commit.template
> git ls-files --stage -- /home/wuke8866/social/handler.go
> git cat-file -s d609ce6d2b37a98bd6a396284a8f095d68dd92dc
> git show --textconv :social/handler.go
> git status -z -u
> git symbolic-ref --short HEAD
> git for-each-ref --format=%(refname)%00%(upstream:short)%00%(objectname)%00%(upstream:track) refs/heads/wuke/post refs/remotes/wuke/post
> git for-each-ref --sort -committerdate --format %(refname) %(objectname) %(*objectname)
> git remote --verbose
> git config --get commit.template
> git show --textconv :social/elasticsearch.go
> git ls-files --stage -- /home/wuke8866/social/elasticsearch.go
> git cat-file -s 66812c394cc75b7fd53bb91d3ef5d0e2ab663756
> git show --textconv :social/gcs.go
> git ls-files --stage -- /home/wuke8866/social/gcs.go
> git cat-file -s 6cfbd37096ceee0cd4b72c0db03ac0f8e4784598
> git show --textconv :social/post.go
> git ls-files --stage -- /home/wuke8866/social/post.go
> git cat-file -s c49991a4d4949e90826892593c6fcaf56755b5bc
> git show --textconv :social/handler.go
> git ls-files --stage -- /home/wuke8866/social/handler.go
> git cat-file -s d609ce6d2b37a98bd6a396284a8f095d68dd92dc
> git show --textconv :social/main.go
> git ls-files --stage -- /home/wuke8866/social/main.go
> git cat-file -s b6eb1b2a42dcaaf2fd15fd678978ac87f4d61c8b
> git show --textconv :social/handler.go
> git ls-files --stage -- /home/wuke8866/social/handler.go
> git cat-file -s d609ce6d2b37a98bd6a396284a8f095d68dd92dc
> git show --textconv :social/elasticsearch.go
> git ls-files --stage -- /home/wuke8866/social/elasticsearch.go
> git cat-file -s 66812c394cc75b7fd53bb91d3ef5d0e2ab663756
> git show --textconv :social/post.go
> git ls-files --stage -- /home/wuke8866/social/post.go
> git cat-file -s c49991a4d4949e90826892593c6fcaf56755b5bc
