[2021-06-20 03:09:35.133] [exthost] [info] extension host started
[2021-06-20 03:09:35.533] [exthost] [info] ExtensionService#_doActivateExtension vscode.configuration-editing {"startup":false,"extensionId":{"value":"vscode.configuration-editing","_lower":"vscode.configuration-editing"},"activationEvent":"onLanguage:json"}
[2021-06-20 03:09:35.534] [exthost] [info] ExtensionService#loadCommonJSModule file:///home/wuke8866/.vscode-server/bin/507ce72a4466fbb27b715c3722558bb15afa9f48/extensions/configuration-editing/dist/configurationEditingMain
[2021-06-20 03:09:35.543] [exthost] [info] ExtensionService#_doActivateExtension vscode.extension-editing {"startup":false,"extensionId":{"value":"vscode.extension-editing","_lower":"vscode.extension-editing"},"activationEvent":"onLanguage:json"}
[2021-06-20 03:09:35.543] [exthost] [info] ExtensionService#loadCommonJSModule file:///home/wuke8866/.vscode-server/bin/507ce72a4466fbb27b715c3722558bb15afa9f48/extensions/extension-editing/dist/extensionEditingMain
[2021-06-20 03:09:35.563] [exthost] [info] ExtensionService#_doActivateExtension vscode.json-language-features {"startup":false,"extensionId":{"value":"vscode.json-language-features","_lower":"vscode.json-language-features"},"activationEvent":"onLanguage:json"}
[2021-06-20 03:09:35.563] [exthost] [info] ExtensionService#loadCommonJSModule file:///home/wuke8866/.vscode-server/bin/507ce72a4466fbb27b715c3722558bb15afa9f48/extensions/json-language-features/client/dist/node/jsonClientMain
[2021-06-20 03:09:35.636] [exthost] [info] ExtensionService#_doActivateExtension vscode.npm {"startup":false,"extensionId":{"value":"vscode.npm","_lower":"vscode.npm"},"activationEvent":"onLanguage:json"}
[2021-06-20 03:09:35.636] [exthost] [info] ExtensionService#loadCommonJSModule file:///home/wuke8866/.vscode-server/bin/507ce72a4466fbb27b715c3722558bb15afa9f48/extensions/npm/dist/npmMain
[2021-06-20 03:09:35.707] [exthost] [info] ExtensionService#_doActivateExtension vscode.typescript-language-features {"startup":false,"extensionId":{"value":"vscode.typescript-language-features","_lower":"vscode.typescript-language-features"},"activationEvent":"onLanguage:javascript"}
[2021-06-20 03:09:35.707] [exthost] [info] ExtensionService#loadCommonJSModule file:///home/wuke8866/.vscode-server/bin/507ce72a4466fbb27b715c3722558bb15afa9f48/extensions/typescript-language-features/dist/extension
[2021-06-20 03:09:35.792] [exthost] [info] ExtensionService#_doActivateExtension vscode.debug-auto-launch {"startup":true,"extensionId":{"value":"vscode.debug-auto-launch","_lower":"vscode.debug-auto-launch"},"activationEvent":"*"}
[2021-06-20 03:09:35.793] [exthost] [info] ExtensionService#loadCommonJSModule file:///home/wuke8866/.vscode-server/bin/507ce72a4466fbb27b715c3722558bb15afa9f48/extensions/debug-auto-launch/dist/extension
[2021-06-20 03:09:35.803] [exthost] [info] ExtensionService#_doActivateExtension vscode.git {"startup":true,"extensionId":{"value":"vscode.github","_lower":"vscode.github"},"activationEvent":"*"}
[2021-06-20 03:09:35.803] [exthost] [info] ExtensionService#loadCommonJSModule file:///home/wuke8866/.vscode-server/bin/507ce72a4466fbb27b715c3722558bb15afa9f48/extensions/git/dist/main
[2021-06-20 03:09:36.953] [exthost] [info] ExtensionService#_doActivateExtension vscode.github {"startup":true,"extensionId":{"value":"vscode.github","_lower":"vscode.github"},"activationEvent":"*"}
[2021-06-20 03:09:36.953] [exthost] [info] ExtensionService#loadCommonJSModule file:///home/wuke8866/.vscode-server/bin/507ce72a4466fbb27b715c3722558bb15afa9f48/extensions/github/dist/extension.js
[2021-06-20 03:09:37.249] [exthost] [info] ExtensionService#_doActivateExtension vscode.emmet {"startup":false,"extensionId":{"value":"vscode.emmet","_lower":"vscode.emmet"},"activationEvent":"onStartupFinished"}
[2021-06-20 03:09:37.250] [exthost] [info] ExtensionService#loadCommonJSModule file:///home/wuke8866/.vscode-server/bin/507ce72a4466fbb27b715c3722558bb15afa9f48/extensions/emmet/dist/node/emmetNodeMain
[2021-06-20 03:09:37.281] [exthost] [info] ExtensionService#_doActivateExtension vscode.merge-conflict {"startup":false,"extensionId":{"value":"vscode.merge-conflict","_lower":"vscode.merge-conflict"},"activationEvent":"onStartupFinished"}
[2021-06-20 03:09:37.281] [exthost] [info] ExtensionService#loadCommonJSModule file:///home/wuke8866/.vscode-server/bin/507ce72a4466fbb27b715c3722558bb15afa9f48/extensions/merge-conflict/dist/mergeConflictMain
[2021-06-20 03:09:37.292] [exthost] [info] ExtensionService#_doActivateExtension vscode.testing-editor-contributions {"startup":false,"extensionId":{"value":"vscode.testing-editor-contributions","_lower":"vscode.testing-editor-contributions"},"activationEvent":"onStartupFinished"}
[2021-06-20 03:09:37.292] [exthost] [info] ExtensionService#loadCommonJSModule file:///home/wuke8866/.vscode-server/bin/507ce72a4466fbb27b715c3722558bb15afa9f48/extensions/testing-editor-contributions/dist/extension.js
[2021-06-20 03:09:37.294] [exthost] [info] eager extensions activated
[2021-06-20 03:09:37.547] [exthost] [info] ExtensionService#_doActivateExtension ms-vscode.js-debug {"startup":false,"extensionId":{"value":"ms-vscode.js-debug","_lower":"ms-vscode.js-debug"},"activationEvent":"onCommand:extension.js-debug.clearAutoAttachVariables"}
[2021-06-20 03:09:37.547] [exthost] [info] ExtensionService#loadCommonJSModule file:///home/wuke8866/.vscode-server/bin/507ce72a4466fbb27b715c3722558bb15afa9f48/extensions/ms-vscode.js-debug/src/extension.js
[2021-06-20 03:10:44.945] [exthost] [warning] [Decorations] CAPPING events from decorations provider vscode.git 5000
[2021-06-20 03:44:20.460] [exthost] [info] extension host terminating: received terminate message from renderer
[2021-06-20 03:44:21.480] [exthost] [info] exiting with code 0
