[2021-06-20 23:57:56.680] [exthost] [info] extension host started
[2021-06-20 23:57:56.941] [exthost] [info] ExtensionService#_doActivateExtension vscode.debug-auto-launch {"startup":true,"extensionId":{"value":"vscode.debug-auto-launch","_lower":"vscode.debug-auto-launch"},"activationEvent":"*"}
[2021-06-20 23:57:56.941] [exthost] [info] ExtensionService#loadCommonJSModule file:///home/wuke8866/.vscode-server/bin/507ce72a4466fbb27b715c3722558bb15afa9f48/extensions/debug-auto-launch/dist/extension
[2021-06-20 23:57:56.951] [exthost] [info] ExtensionService#_doActivateExtension vscode.git {"startup":true,"extensionId":{"value":"vscode.github","_lower":"vscode.github"},"activationEvent":"*"}
[2021-06-20 23:57:56.951] [exthost] [info] ExtensionService#loadCommonJSModule file:///home/wuke8866/.vscode-server/bin/507ce72a4466fbb27b715c3722558bb15afa9f48/extensions/git/dist/main
[2021-06-20 23:57:57.259] [exthost] [info] ExtensionService#_doActivateExtension vscode.github {"startup":true,"extensionId":{"value":"vscode.github","_lower":"vscode.github"},"activationEvent":"*"}
[2021-06-20 23:57:57.259] [exthost] [info] ExtensionService#loadCommonJSModule file:///home/wuke8866/.vscode-server/bin/507ce72a4466fbb27b715c3722558bb15afa9f48/extensions/github/dist/extension.js
[2021-06-20 23:57:57.533] [exthost] [info] ExtensionService#_doActivateExtension vscode.emmet {"startup":false,"extensionId":{"value":"vscode.emmet","_lower":"vscode.emmet"},"activationEvent":"onStartupFinished"}
[2021-06-20 23:57:57.533] [exthost] [info] ExtensionService#loadCommonJSModule file:///home/wuke8866/.vscode-server/bin/507ce72a4466fbb27b715c3722558bb15afa9f48/extensions/emmet/dist/node/emmetNodeMain
[2021-06-20 23:57:57.581] [exthost] [info] ExtensionService#_doActivateExtension vscode.merge-conflict {"startup":false,"extensionId":{"value":"vscode.merge-conflict","_lower":"vscode.merge-conflict"},"activationEvent":"onStartupFinished"}
[2021-06-20 23:57:57.581] [exthost] [info] ExtensionService#loadCommonJSModule file:///home/wuke8866/.vscode-server/bin/507ce72a4466fbb27b715c3722558bb15afa9f48/extensions/merge-conflict/dist/mergeConflictMain
[2021-06-20 23:57:57.587] [exthost] [info] ExtensionService#_doActivateExtension vscode.testing-editor-contributions {"startup":false,"extensionId":{"value":"vscode.testing-editor-contributions","_lower":"vscode.testing-editor-contributions"},"activationEvent":"onStartupFinished"}
[2021-06-20 23:57:57.587] [exthost] [info] ExtensionService#loadCommonJSModule file:///home/wuke8866/.vscode-server/bin/507ce72a4466fbb27b715c3722558bb15afa9f48/extensions/testing-editor-contributions/dist/extension.js
[2021-06-20 23:57:57.597] [exthost] [info] eager extensions activated
[2021-06-20 23:57:57.621] [exthost] [info] ExtensionService#_doActivateExtension ms-vscode.js-debug {"startup":false,"extensionId":{"value":"ms-vscode.js-debug","_lower":"ms-vscode.js-debug"},"activationEvent":"onCommand:extension.js-debug.clearAutoAttachVariables"}
[2021-06-20 23:57:57.621] [exthost] [info] ExtensionService#loadCommonJSModule file:///home/wuke8866/.vscode-server/bin/507ce72a4466fbb27b715c3722558bb15afa9f48/extensions/ms-vscode.js-debug/src/extension.js
[2021-06-20 23:57:58.412] [exthost] [warning] [Decorations] CAPPING events from decorations provider vscode.git 1024
[2021-06-20 23:58:00.636] [exthost] [warning] [Decorations] CAPPING events from decorations provider vscode.git 1024
[2021-06-21 00:47:46.672] [exthost] [warning] [Decorations] CAPPING events from decorations provider vscode.git 1055
[2021-06-21 00:48:00.082] [exthost] [warning] [Decorations] CAPPING events from decorations provider vscode.git 757
[2021-06-21 00:48:05.284] [exthost] [warning] [Decorations] CAPPING events from decorations provider vscode.git 757
[2021-06-21 00:48:31.652] [exthost] [warning] [Decorations] CAPPING events from decorations provider vscode.git 757
[2021-06-21 00:48:36.850] [exthost] [warning] [Decorations] CAPPING events from decorations provider vscode.git 752
[2021-06-21 00:48:56.345] [exthost] [warning] [Decorations] CAPPING events from decorations provider vscode.git 752
[2021-06-21 00:49:01.541] [exthost] [warning] [Decorations] CAPPING events from decorations provider vscode.git 752
[2021-06-21 03:20:25.001] [exthost] [info] extension host terminating: received terminate message from renderer
[2021-06-21 03:20:26.014] [exthost] [info] exiting with code 0
