

*
* Visual Studio Code Server
*
* Reminder: You may only use this software with Visual Studio family products,
* as described in the license https://aka.ms/vscode-remote/license
*

Extension host agent listening on 35311

[14:29:04] Extension host agent started.
[14:29:04] [127.0.0.1][bd760223][ManagementConnection] New connection established.
[14:29:04] [127.0.0.1][4a03a70c][ExtensionHostConnection] New connection established.
[IPC Library: Pty Host]  INFO Listing 0 persistent terminals, 0 total terminals
bash: cannot set terminal process group (-1): Inappropriate ioctl for device
bash: no job control in this shell
[14:29:05] [127.0.0.1][4a03a70c][ExtensionHostConnection] <27759> Launched Extension Host Process.
[16:25:39] [127.0.0.1][bd760223][ManagementConnection] The client has disconnected, will wait for reconnection 3h before disposing...
Error: Unexpected SIGPIPE
    at process.<anonymous> (/home/wuke8866/.vscode-server/bin/3c4e3df9e89829dce27b7b5c24508306b151f30d/out/bootstrap.js:1:370)
    at process.emit (events.js:315:20)
[19:17:35] [127.0.0.1][4a03a70c][ExtensionHostConnection] <27759> Extension Host Process exited with code: 0, signal: null.
Last EH closed, waiting before shutting down
[19:17:35] Last EH closed, waiting before shutting down
Last EH closed, shutting down
[19:22:35] Last EH closed, shutting down
