[2021-05-28 03:26:20.468] [exthost] [info] extension host started
[2021-05-28 03:26:20.595] [exthost] [info] ExtensionService#_doActivateExtension vscode.configuration-editing {"startup":false,"extensionId":{"value":"vscode.configuration-editing","_lower":"vscode.configuration-editing"},"activationEvent":"onLanguage:json"}
[2021-05-28 03:26:20.596] [exthost] [info] ExtensionService#loadCommonJSModule file:///home/wuke8866/.vscode-server/bin/054a9295330880ed74ceaedda236253b4f39a335/extensions/configuration-editing/dist/configurationEditingMain
[2021-05-28 03:26:20.604] [exthost] [info] ExtensionService#_doActivateExtension vscode.extension-editing {"startup":false,"extensionId":{"value":"vscode.extension-editing","_lower":"vscode.extension-editing"},"activationEvent":"onLanguage:json"}
[2021-05-28 03:26:20.604] [exthost] [info] ExtensionService#loadCommonJSModule file:///home/wuke8866/.vscode-server/bin/054a9295330880ed74ceaedda236253b4f39a335/extensions/extension-editing/dist/extensionEditingMain
[2021-05-28 03:26:20.617] [exthost] [info] ExtensionService#_doActivateExtension vscode.json-language-features {"startup":false,"extensionId":{"value":"vscode.json-language-features","_lower":"vscode.json-language-features"},"activationEvent":"onLanguage:json"}
[2021-05-28 03:26:20.617] [exthost] [info] ExtensionService#loadCommonJSModule file:///home/wuke8866/.vscode-server/bin/054a9295330880ed74ceaedda236253b4f39a335/extensions/json-language-features/client/dist/node/jsonClientMain
[2021-05-28 03:26:20.664] [exthost] [info] ExtensionService#_doActivateExtension vscode.npm {"startup":false,"extensionId":{"value":"vscode.npm","_lower":"vscode.npm"},"activationEvent":"onLanguage:json"}
[2021-05-28 03:26:20.665] [exthost] [info] ExtensionService#loadCommonJSModule file:///home/wuke8866/.vscode-server/bin/054a9295330880ed74ceaedda236253b4f39a335/extensions/npm/dist/npmMain
[2021-05-28 03:26:20.727] [exthost] [info] ExtensionService#_doActivateExtension vscode.typescript-language-features {"startup":false,"extensionId":{"value":"vscode.typescript-language-features","_lower":"vscode.typescript-language-features"},"activationEvent":"onLanguage:typescript"}
[2021-05-28 03:26:20.727] [exthost] [info] ExtensionService#loadCommonJSModule file:///home/wuke8866/.vscode-server/bin/054a9295330880ed74ceaedda236253b4f39a335/extensions/typescript-language-features/dist/extension
[2021-05-28 03:26:20.761] [exthost] [info] ExtensionService#_doActivateExtension vscode.debug-auto-launch {"startup":true,"extensionId":{"value":"vscode.debug-auto-launch","_lower":"vscode.debug-auto-launch"},"activationEvent":"*"}
[2021-05-28 03:26:20.762] [exthost] [info] ExtensionService#loadCommonJSModule file:///home/wuke8866/.vscode-server/bin/054a9295330880ed74ceaedda236253b4f39a335/extensions/debug-auto-launch/dist/extension
[2021-05-28 03:26:20.765] [exthost] [info] ExtensionService#_doActivateExtension vscode.git {"startup":true,"extensionId":{"value":"vscode.github","_lower":"vscode.github"},"activationEvent":"*"}
[2021-05-28 03:26:20.765] [exthost] [info] ExtensionService#loadCommonJSModule file:///home/wuke8866/.vscode-server/bin/054a9295330880ed74ceaedda236253b4f39a335/extensions/git/dist/main
[2021-05-28 03:26:21.270] [exthost] [info] ExtensionService#_doActivateExtension vscode.github {"startup":true,"extensionId":{"value":"vscode.github","_lower":"vscode.github"},"activationEvent":"*"}
[2021-05-28 03:26:21.270] [exthost] [info] ExtensionService#loadCommonJSModule file:///home/wuke8866/.vscode-server/bin/054a9295330880ed74ceaedda236253b4f39a335/extensions/github/dist/extension.js
[2021-05-28 03:26:21.398] [exthost] [info] ExtensionService#_doActivateExtension vscode.emmet {"startup":false,"extensionId":{"value":"vscode.emmet","_lower":"vscode.emmet"},"activationEvent":"onStartupFinished"}
[2021-05-28 03:26:21.399] [exthost] [info] ExtensionService#loadCommonJSModule file:///home/wuke8866/.vscode-server/bin/054a9295330880ed74ceaedda236253b4f39a335/extensions/emmet/dist/node/emmetNodeMain
[2021-05-28 03:26:21.414] [exthost] [info] ExtensionService#_doActivateExtension vscode.merge-conflict {"startup":false,"extensionId":{"value":"vscode.merge-conflict","_lower":"vscode.merge-conflict"},"activationEvent":"onStartupFinished"}
[2021-05-28 03:26:21.414] [exthost] [info] ExtensionService#loadCommonJSModule file:///home/wuke8866/.vscode-server/bin/054a9295330880ed74ceaedda236253b4f39a335/extensions/merge-conflict/dist/mergeConflictMain
[2021-05-28 03:26:21.418] [exthost] [info] ExtensionService#_doActivateExtension vscode.testing-editor-contributions {"startup":false,"extensionId":{"value":"vscode.testing-editor-contributions","_lower":"vscode.testing-editor-contributions"},"activationEvent":"onStartupFinished"}
[2021-05-28 03:26:21.418] [exthost] [info] ExtensionService#loadCommonJSModule file:///home/wuke8866/.vscode-server/bin/054a9295330880ed74ceaedda236253b4f39a335/extensions/testing-editor-contributions/dist/extension.js
[2021-05-28 03:26:21.419] [exthost] [info] eager extensions activated
[2021-05-28 03:26:21.481] [exthost] [info] ExtensionService#_doActivateExtension ms-vscode.js-debug {"startup":false,"extensionId":{"value":"ms-vscode.js-debug","_lower":"ms-vscode.js-debug"},"activationEvent":"onCommand:extension.js-debug.clearAutoAttachVariables"}
[2021-05-28 03:26:21.481] [exthost] [info] ExtensionService#loadCommonJSModule file:///home/wuke8866/.vscode-server/bin/054a9295330880ed74ceaedda236253b4f39a335/extensions/ms-vscode.js-debug/src/extension.js
[2021-05-28 07:10:37.985] [exthost] [info] extension host terminating: renderer disconnected for too long (1)
[2021-05-28 07:10:38.997] [exthost] [info] exiting with code 0
